<?xml version="1.0" encoding="UTF-8"?>
<!-- Generated by org.testng.reporters.JUnitReportReporter -->
<testsuite hostname="MSI" failures="0" tests="2" name="Cart.checkOut" time="0.618" errors="0" timestamp="2022-12-17T19:30:41 EET" skipped="0">
  <testcase classname="Cart.checkOut" name="cartCheckOut" time="0.314"/>
  <system-out/>
  <testcase classname="Cart.checkOut" name="AddAll" time="0.304"/>
  <system-out/>
</testsuite> <!-- Cart.checkOut -->
